[debug] [2022-06-01T09:20:11.764Z] ----------------------------------------------------------------------
[debug] [2022-06-01T09:20:11.765Z] Command:       C:\Program Files\nodejs\node.exe C:\Users\123\AppData\Roaming\npm\node_modules\firebase-tools\lib\bin\firebase.js init
[debug] [2022-06-01T09:20:11.766Z] CLI Version:   11.0.1
[debug] [2022-06-01T09:20:11.766Z] Platform:      win32
[debug] [2022-06-01T09:20:11.766Z] Node Version:  v16.14.2
[debug] [2022-06-01T09:20:11.766Z] Time:          Wed Jun 01 2022 16:20:11 GMT+0700 (Western Indonesia Time)
[debug] [2022-06-01T09:20:11.767Z] ----------------------------------------------------------------------
[debug] 
[debug] [2022-06-01T09:20:11.772Z] > command requires scopes: ["email","openid","https://www.googleapis.com/auth/cloudplatformprojects.readonly","https://www.googleapis.com/auth/firebase","https://www.googleapis.com/auth/cloud-platform"]
[debug] [2022-06-01T09:20:11.772Z] > authorizing via signed-in user (aditydcp@gmail.com)
[info] 
     ######## #### ########  ######## ########     ###     ######  ########
     ##        ##  ##     ## ##       ##     ##  ##   ##  ##       ##
     ######    ##  ########  ######   ########  #########  ######  ######
     ##        ##  ##    ##  ##       ##     ## ##     ##       ## ##
     ##       #### ##     ## ######## ########  ##     ##  ######  ########

You're about to initialize a Firebase project in this directory:

  E:\xampp\htdocs\busmallah-php

[info] 
=== Project Setup
[info] 
[info] First, let's associate this project directory with a Firebase project.
[info] You can create multiple project aliases by running firebase use --add, 
[info] but for now we'll just set up a default project.
[info] 
[debug] [2022-06-01T09:22:36.444Z] >>> [apiv2][query] GET https://firebase.googleapis.com/v1beta1/projects pageSize=100
[debug] [2022-06-01T09:22:37.411Z] <<< [apiv2][status] GET https://firebase.googleapis.com/v1beta1/projects 200
[debug] [2022-06-01T09:22:37.411Z] <<< [apiv2][body] GET https://firebase.googleapis.com/v1beta1/projects [omitted]
[info] i  Using project busmallah-470dc (busmallah) 
[info] 
=== Firestore Setup
[debug] [2022-06-01T09:22:42.154Z] >>> [apiv2][query] GET https://serviceusage.googleapis.com/v1/projects/busmallah-470dc/services/firestore.googleapis.com [none]
[debug] [2022-06-01T09:22:43.901Z] <<< [apiv2][status] GET https://serviceusage.googleapis.com/v1/projects/busmallah-470dc/services/firestore.googleapis.com 200
[debug] [2022-06-01T09:22:43.901Z] <<< [apiv2][body] GET https://serviceusage.googleapis.com/v1/projects/busmallah-470dc/services/firestore.googleapis.com [omitted]
[debug] [2022-06-01T09:22:43.901Z] >>> [apiv2][query] GET https://appengine.googleapis.com/v1/apps/busmallah-470dc [none]
[debug] [2022-06-01T09:22:44.677Z] <<< [apiv2][status] GET https://appengine.googleapis.com/v1/apps/busmallah-470dc 200
[debug] [2022-06-01T09:22:44.678Z] <<< [apiv2][body] GET https://appengine.googleapis.com/v1/apps/busmallah-470dc {"name":"apps/busmallah-470dc","id":"busmallah-470dc","authDomain":"gmail.com","locationId":"us-central","codeBucket":"staging.busmallah-470dc.appspot.com","servingStatus":"SERVING","defaultHostname":"busmallah-470dc.uc.r.appspot.com","defaultBucket":"busmallah-470dc.appspot.com","serviceAccount":"busmallah-470dc@appspot.gserviceaccount.com","gcrDomain":"us.gcr.io","databaseType":"CLOUD_FIRESTORE","featureSettings":{"splitHealthChecks":true,"useContainerOptimizedOs":true}}
[debug] [2022-06-01T09:22:44.678Z] database_type: CLOUD_FIRESTORE
[debug] [2022-06-01T09:22:44.678Z] > command requires scopes: ["email","openid","https://www.googleapis.com/auth/cloudplatformprojects.readonly","https://www.googleapis.com/auth/firebase","https://www.googleapis.com/auth/cloud-platform"]
[debug] [2022-06-01T09:22:44.678Z] > authorizing via signed-in user (aditydcp@gmail.com)
[debug] [2022-06-01T09:22:44.678Z] [iam] checking project busmallah-470dc for permissions ["firebase.projects.get"]
[debug] [2022-06-01T09:22:44.678Z] >>> [apiv2][query] POST https://cloudresourcemanager.googleapis.com/v1/projects/busmallah-470dc:testIamPermissions [none]
[debug] [2022-06-01T09:22:44.678Z] >>> [apiv2][body] POST https://cloudresourcemanager.googleapis.com/v1/projects/busmallah-470dc:testIamPermissions {"permissions":["firebase.projects.get"]}
[debug] [2022-06-01T09:22:46.129Z] <<< [apiv2][status] POST https://cloudresourcemanager.googleapis.com/v1/projects/busmallah-470dc:testIamPermissions 200
[debug] [2022-06-01T09:22:46.129Z] <<< [apiv2][body] POST https://cloudresourcemanager.googleapis.com/v1/projects/busmallah-470dc:testIamPermissions {"permissions":["firebase.projects.get"]}
[info] 
[info] Firestore Security Rules allow you to define how and when to allow
[info] requests. You can keep these rules in your project directory
[info] and publish them with firebase deploy.
[info] 
[debug] [2022-06-01T09:22:52.652Z] >>> [apiv2][query] GET https://firebaserules.googleapis.com/v1/projects/busmallah-470dc/releases pageSize=10&pageToken=
[debug] [2022-06-01T09:22:54.463Z] <<< [apiv2][status] GET https://firebaserules.googleapis.com/v1/projects/busmallah-470dc/releases 200
[debug] [2022-06-01T09:22:54.463Z] <<< [apiv2][body] GET https://firebaserules.googleapis.com/v1/projects/busmallah-470dc/releases {"releases":[{"name":"projects/busmallah-470dc/releases/cloud.firestore","rulesetName":"projects/busmallah-470dc/rulesets/e7eb7881-47c6-4cc9-b3e0-7c0dfe4dbf8f","createTime":"2022-05-30T20:10:34.508893Z","updateTime":"2022-05-31T03:44:57.615146Z"},{"name":"projects/busmallah-470dc/releases/firebase.storage/busmallah-470dc.appspot.com","rulesetName":"projects/busmallah-470dc/rulesets/64dcb0e9-4375-4d67-a965-a63a3929268f","createTime":"2022-05-30T21:39:31.354006Z","updateTime":"2022-05-30T21:39:54.895416Z"}]}
[debug] [2022-06-01T09:22:54.464Z] Found ruleset: projects/busmallah-470dc/rulesets/e7eb7881-47c6-4cc9-b3e0-7c0dfe4dbf8f
[debug] [2022-06-01T09:22:54.464Z] >>> [apiv2][query] GET https://firebaserules.googleapis.com/v1/projects/busmallah-470dc/rulesets/e7eb7881-47c6-4cc9-b3e0-7c0dfe4dbf8f [none]
[debug] [2022-06-01T09:22:54.790Z] <<< [apiv2][status] GET https://firebaserules.googleapis.com/v1/projects/busmallah-470dc/rulesets/e7eb7881-47c6-4cc9-b3e0-7c0dfe4dbf8f 200
[debug] [2022-06-01T09:22:54.790Z] <<< [apiv2][body] GET https://firebaserules.googleapis.com/v1/projects/busmallah-470dc/rulesets/e7eb7881-47c6-4cc9-b3e0-7c0dfe4dbf8f [omitted]
[info] 
[info] Firestore indexes allow you to perform complex queries while
[info] maintaining performance that scales with the size of the result
[info] set. You can keep index definitions in your project directory
[info] and publish them with firebase deploy.
[info] 
[debug] [2022-06-01T09:22:58.001Z] >>> [apiv2][query] GET https://firestore.googleapis.com/v1/projects/busmallah-470dc/databases/(default)/collectionGroups/-/indexes [none]
[debug] [2022-06-01T09:22:58.001Z] >>> [apiv2][query] GET https://firestore.googleapis.com/v1/projects/busmallah-470dc/databases/(default)/collectionGroups/-/fields?filter=indexConfig.usesAncestorConfig=false [none]
[debug] [2022-06-01T09:22:59.719Z] <<< [apiv2][status] GET https://firestore.googleapis.com/v1/projects/busmallah-470dc/databases/(default)/collectionGroups/-/fields?filter=indexConfig.usesAncestorConfig=false 200
[debug] [2022-06-01T09:22:59.719Z] <<< [apiv2][body] GET https://firestore.googleapis.com/v1/projects/busmallah-470dc/databases/(default)/collectionGroups/-/fields?filter=indexConfig.usesAncestorConfig=false {"fields":[{"name":"projects/busmallah-470dc/databases/(default)/collectionGroups/__default__/fields/*","indexConfig":{"indexes":[{"queryScope":"COLLECTION","fields":[{"fieldPath":"*","order":"ASCENDING"}],"state":"READY"},{"queryScope":"COLLECTION","fields":[{"fieldPath":"*","order":"DESCENDING"}],"state":"READY"},{"queryScope":"COLLECTION","fields":[{"fieldPath":"*","arrayConfig":"CONTAINS"}],"state":"READY"}]}}]}
[debug] [2022-06-01T09:22:59.726Z] <<< [apiv2][status] GET https://firestore.googleapis.com/v1/projects/busmallah-470dc/databases/(default)/collectionGroups/-/indexes 200
[debug] [2022-06-01T09:22:59.726Z] <<< [apiv2][body] GET https://firestore.googleapis.com/v1/projects/busmallah-470dc/databases/(default)/collectionGroups/-/indexes {}
[info] 
=== Hosting Setup
[info] 
[info] Your public directory is the folder (relative to your project directory) that
[info] will contain Hosting assets to be uploaded with firebase deploy. If you
[info] have a build process for your assets, use your build's output directory.
[info] 
[info] +  Wrote public/404.html 
[debug] [2022-06-01T09:23:27.060Z] >>> [apiv2][query] GET https://www.gstatic.com/firebasejs/releases.json [none]
[debug] [2022-06-01T09:23:27.483Z] <<< [apiv2][status] GET https://www.gstatic.com/firebasejs/releases.json 200
[debug] [2022-06-01T09:23:27.483Z] <<< [apiv2][body] GET https://www.gstatic.com/firebasejs/releases.json {"current":{"version":"9.8.2","browserURL":"https://www.gstatic.com/firebasejs/9.8.2/firebase.js","packageURL":"https://www.gstatic.com/firebasejs/9.8.2/firebase.tgz"},"live":{"version":"9.8","browserURL":"https://www.gstatic.com/firebasejs/live/9.8/firebase.js","packageURL":"https://www.gstatic.com/firebasejs/live/9.8/firebase.tgz"},"components":{"analytics":"https://www.gstatic.com/firebasejs/9.8.2/firebase-analytics.js","app":"https://www.gstatic.com/firebasejs/9.8.2/firebase-app.js","app-check":"https://www.gstatic.com/firebasejs/9.8.2/firebase-app-check.js","auth":"https://www.gstatic.com/firebasejs/9.8.2/firebase-auth.js","auth/cordova":"https://www.gstatic.com/firebasejs/9.8.2/firebase-auth/cordova.js","auth/react-native":"https://www.gstatic.com/firebasejs/9.8.2/firebase-auth/react-native.js","functions":"https://www.gstatic.com/firebasejs/9.8.2/firebase-functions.js","firestore":"https://www.gstatic.com/firebasejs/9.8.2/firebase-firestore.js","firestore/lite":"https://www.gstatic.com/firebasejs/9.8.2/firebase-firestore/lite.js","storage":"https://www.gstatic.com/firebasejs/9.8.2/firebase-storage.js","performance":"https://www.gstatic.com/firebasejs/9.8.2/firebase-performance.js","remote-config":"https://www.gstatic.com/firebasejs/9.8.2/firebase-remote-config.js","messaging":"https://www.gstatic.com/firebasejs/9.8.2/firebase-messaging.js","messaging/sw":"https://www.gstatic.com/firebasejs/9.8.2/firebase-messaging/sw.js","database":"https://www.gstatic.com/firebasejs/9.8.2/firebase-database.js","firestore.memory":"https://www.gstatic.com/firebasejs/9.8.2/firebase-firestore.memory.js"}}
[info] +  Wrote public/index.html 
[info] 
[info] i  Detected a .git folder at E:\xampp\htdocs\busmallah-php 
[info] i  Authorizing with GitHub to upload your service account to a GitHub repository's secrets store. 
[info] 
[info] Visit this URL on this device to log in:
[info] https://github.com/login/oauth/authorize?client_id=89cf50f02ac6aaed3484&state=93541540&redirect_uri=http%3A%2F%2Flocalhost%3A9005&scope=read%3Auser%20repo%20public_repo
[info] 
[info] Waiting for authentication...
[debug] [2022-06-01T09:23:38.810Z] >>> HTTP REQUEST POST https://github.com/login/oauth/access_token  
 {"client_id":"89cf50f02ac6aaed3484","client_secret":"3330d14abc895d9a74d5f17cd7a00711fa2c5bf0","code":"743aa0dc6debef773886","redirect_uri":"http://localhost:9005","state":"93541540"}
[debug] [2022-06-01T09:23:39.564Z] <<< HTTP RESPONSE 200 {"server":"GitHub.com","date":"Wed, 01 Jun 2022 09:23:40 GMT","content-type":"application/json; charset=utf-8","transfer-encoding":"chunked","vary":"X-PJAX, X-PJAX-Container, Turbo-Visit, Turbo-Frame, Accept-Encoding, Accept, X-Requested-With","permissions-policy":"interest-cohort=()","etag":"W/\"2117e4c069383e169a7a6a98817bc276\"","cache-control":"max-age=0, private, must-revalidate","strict-transport-security":"max-age=31536000; includeSubdomains; preload","x-frame-options":"deny","x-content-type-options":"nosniff","x-xss-protection":"0","referrer-policy":"origin-when-cross-origin, strict-origin-when-cross-origin","expect-ct":"max-age=2592000, report-uri=\"https://api.github.com/_private/browser/errors\"","content-security-policy":"default-src 'none'; base-uri 'self'; block-all-mixed-content; child-src github.com/assets-cdn/worker/ gist.github.com/assets-cdn/worker/; connect-src 'self' uploads.github.com objects-origin.githubusercontent.com www.githubstatus.com collector.github.com raw.githubusercontent.com api.github.com github-cloud.s3.amazonaws.com github-production-repository-file-5c1aeb.s3.amazonaws.com github-production-upload-manifest-file-7fdce7.s3.amazonaws.com github-production-user-asset-6210df.s3.amazonaws.com cdn.optimizely.com logx.optimizely.com/v1/events *.actions.githubusercontent.com wss://*.actions.githubusercontent.com online.visualstudio.com/api/v1/locations github-production-repository-image-32fea6.s3.amazonaws.com github-production-release-asset-2e65be.s3.amazonaws.com insights.github.com wss://alive.github.com; font-src github.githubassets.com; form-action 'self' github.com gist.github.com objects-origin.githubusercontent.com; frame-ancestors 'none'; frame-src render.githubusercontent.com viewscreen.githubusercontent.com notebooks.githubusercontent.com; img-src 'self' data: github.githubassets.com identicons.github.com github-cloud.s3.amazonaws.com secured-user-images.githubusercontent.com/ github-production-user-asset-6210df.s3.amazonaws.com *.githubusercontent.com; manifest-src 'self'; media-src github.com user-images.githubusercontent.com/; script-src github.githubassets.com; style-src 'unsafe-inline' github.githubassets.com; worker-src github.com/assets-cdn/worker/ gist.github.com/assets-cdn/worker/","x-github-request-id":"090F:337E:2FB0D1:410536:6297301B"}
[debug] [2022-06-01T09:23:39.566Z] >>> [apiv2][query] GET https://api.github.com/user [none]
[debug] [2022-06-01T09:23:39.986Z] <<< [apiv2][status] GET https://api.github.com/user 200
[debug] [2022-06-01T09:23:39.986Z] <<< [apiv2][body] GET https://api.github.com/user {"login":"aditydcp","id":57148744,"node_id":"MDQ6VXNlcjU3MTQ4NzQ0","avatar_url":"https://avatars.githubusercontent.com/u/57148744?v=4","gravatar_id":"","url":"https://api.github.com/users/aditydcp","html_url":"https://github.com/aditydcp","followers_url":"https://api.github.com/users/aditydcp/followers","following_url":"https://api.github.com/users/aditydcp/following{/other_user}","gists_url":"https://api.github.com/users/aditydcp/gists{/gist_id}","starred_url":"https://api.github.com/users/aditydcp/starred{/owner}{/repo}","subscriptions_url":"https://api.github.com/users/aditydcp/subscriptions","organizations_url":"https://api.github.com/users/aditydcp/orgs","repos_url":"https://api.github.com/users/aditydcp/repos","events_url":"https://api.github.com/users/aditydcp/events{/privacy}","received_events_url":"https://api.github.com/users/aditydcp/received_events","type":"User","site_admin":false,"name":"Aditya Cahyo","company":null,"blog":"","location":null,"email":null,"hireable":null,"bio":null,"twitter_username":null,"public_repos":10,"public_gists":0,"followers":2,"following":2,"created_at":"2019-10-29T16:46:10Z","updated_at":"2022-05-17T06:27:43Z","private_gists":0,"total_private_repos":2,"owned_private_repos":2,"disk_usage":395499,"collaborators":5,"two_factor_authentication":false,"plan":{"name":"free","space":976562499,"collaborators":0,"private_repos":10000}}
[info] 
[info] +  Success! Logged into GitHub as aditydcp 
[info] 
